[INFO] 04:24:37:028 TP0/(2395:2395): Hola, Me llamo Dario
[INFO] 14:55:52:845 TP0/(1891:1891): Hola, Me llamo Dario
[INFO] 14:59:16:753 TP0/(2005:2005): Hola, Me llamo Dario
[INFO] 15:16:26:087 TP0/(2376:2376): Hola, Me llamo Dario
[INFO] 15:24:12:931 TP0/(2752:2752): Hola, Me llamo Dario
[INFO] 15:24:54:420 TP0/(2816:2816): Hola, Me llamo Dario
[INFO] 15:29:08:980 TP0/(2864:2864): Hola, Me llamo Dario
[INFO] 15:29:46:113 TP0/(2905:2905): Hola, Me llamo Dario
[INFO] 15:30:56:716 TP0/(2951:2951): Hola, Me llamo Dario
[INFO] 15:30:56:716 TP0/(2951:2951): Pude leer puerto y ip, Dario
[INFO] 15:34:54:470 TP0/(3020:3020): Hola, Me llamo Dario
[INFO] 15:34:54:471 TP0/(3020:3020): Pude leer puerto y ip, Dario 127.0.0.1/n
[INFO] 15:35:18:167 TP0/(3069:3069): Hola, Me llamo Dario
[INFO] 15:35:18:170 TP0/(3069:3069): Pude leer puerto y ip, Dario 127.0.0.1 4444
[INFO] 15:36:47:313 TP0/(3153:3153): Hola, Me llamo Dario
[INFO] 15:36:47:314 TP0/(3153:3153): Pude leer puerto:'127.0.0.1' e ip:'4444', Dario
[INFO] 15:37:42:840 TP0/(3204:3204): Hola, Soy un log. ¡Como estas darito?
[INFO] 15:37:42:841 TP0/(3204:3204): Pude leer puerto:'127.0.0.1' e ip:'4444', Dario
[INFO] 16:18:42:383 TP0/(3797:3797): Hola, Soy un log. ¿Como estas darito?
[INFO] 16:18:42:384 TP0/(3797:3797): Pude leer puerto:'127.0.0.1' e ip:'4444', Dario
[INFO] 18:11:20:998 TP0/(4293:4293): Hola, Soy un log. ¿Como estas darito?
[INFO] 18:11:20:998 TP0/(4293:4293): Pude leer puerto:'127.0.0.1' e ip:'4444', Dario
[INFO] 18:11:31:367 TP0/(4293:4293): Hola como estas?
[INFO] 18:11:33:863 TP0/(4293:4293): 
[INFO] 18:11:35:553 TP0/(4293:4293): 
[INFO] 18:11:36:086 TP0/(4293:4293): 
[INFO] 18:11:36:464 TP0/(4293:4293): 
[INFO] 18:11:36:723 TP0/(4293:4293): 
[INFO] 18:11:36:915 TP0/(4293:4293): 
[INFO] 18:11:37:079 TP0/(4293:4293): 
[INFO] 18:11:37:252 TP0/(4293:4293): 
[INFO] 18:11:37:453 TP0/(4293:4293): 
[INFO] 18:11:37:653 TP0/(4293:4293): 
[INFO] 18:11:37:858 TP0/(4293:4293): 
[INFO] 18:11:38:026 TP0/(4293:4293): 
[INFO] 18:11:38:209 TP0/(4293:4293): 
[INFO] 18:11:38:399 TP0/(4293:4293): 
[INFO] 18:11:38:582 TP0/(4293:4293): 
[INFO] 18:11:39:097 TP0/(4293:4293): 
[INFO] 18:11:39:288 TP0/(4293:4293): 
[INFO] 18:11:43:494 TP0/(4293:4293): 
[INFO] 18:11:44:026 TP0/(4293:4293): 
[INFO] 18:11:44:213 TP0/(4293:4293): 
[INFO] 18:11:44:381 TP0/(4293:4293): 
[INFO] 18:11:44:522 TP0/(4293:4293): 
[INFO] 18:11:50:226 TP0/(4293:4293): ccc
[INFO] 18:21:50:714 TP0/(4473:4473): Hola, Soy un log. ¿Como estas darito?
[INFO] 18:21:50:714 TP0/(4473:4473): Pude leer puerto:'127.0.0.1' e ip:'4444', Dario
[INFO] 18:21:59:151 TP0/(4473:4473): Hola Como estas?
